<?xml version="1.0" encoding="UTF-8"?>
<testsuite xmlns:xsi="http://www.w3.org/2001/XMLSchema-instance" xsi:noNamespaceSchemaLocation="https://maven.apache.org/surefire/maven-surefire-plugin/xsd/surefire-test-report-3.0.xsd" version="3.0" name="com.projectapp.apis.MyprojectApplicationTests" time="9.201" tests="1" errors="0" skipped="0" failures="0">
  <properties>
[...]
</properties>
  <testcase name="contextLoads" classname="com.projectapp.apis.MyprojectApplicationTests" time="0.75">
    <system-out><![CDATA[18:38:42.486 [main] INFO org.springframework.test.context.support.AnnotationConfigContextLoaderUtils -- Could not detect default configuration classes for test class [com.projectapp.apis.MyprojectApplicationTests]: MyprojectApplicationTests does not declare any static, non-private, non-final, nested classes annotated with @Configuration.
18:38:42.672 [main] INFO org.springframework.boot.test.context.SpringBootTestContextBootstrapper -- Found @SpringBootConfiguration com.projectapp.apis.MyprojectApplication for test class com.projectapp.apis.MyprojectApplicationTests

  .   ____          _            __ _ _
 /\\ / ___'_ __ _ _(_)_ __  __ _ \ \ \ \
( ( )\___ | '_ | '_| | '_ \/ _` | \ \ \ \
 \\/  ___)| |_)| | | | | || (_| |  ) ) ) )
  '  |____| .__|_| |_|_| |_\__, | / / / /
 =========|_|==============|___/=/_/_/_/
 :: Spring Boot ::                (v3.1.5)

2023-12-20T18:38:43.641+05:30  INFO 17060 --- [           main] c.p.apis.MyprojectApplicationTests       : Starting MyprojectApplicationTests using Java 21 with PID 17060 (started by Hridayesh in C:\myfiles\SpringBoot Projects\myproject\myproject)
2023-12-20T18:38:43.643+05:30  INFO 17060 --- [           main] c.p.apis.MyprojectApplicationTests       : No active profile set, falling back to 1 default profile: "default"
2023-12-20T18:38:44.845+05:30  INFO 17060 --- [           main] .s.d.r.c.RepositoryConfigurationDelegate : Bootstrapping Spring Data JPA repositories in DEFAULT mode.
2023-12-20T18:38:44.943+05:30  INFO 17060 --- [           main] .s.d.r.c.RepositoryConfigurationDelegate : Finished Spring Data repository scanning in 86 ms. Found 1 JPA repository interfaces.
2023-12-20T18:38:45.722+05:30  INFO 17060 --- [           main] o.hibernate.jpa.internal.util.LogHelper  : HHH000204: Processing PersistenceUnitInfo [name: default]
2023-12-20T18:38:45.868+05:30  INFO 17060 --- [           main] org.hibernate.Version                    : HHH000412: Hibernate ORM core version 6.2.13.Final
2023-12-20T18:38:45.872+05:30  INFO 17060 --- [           main] org.hibernate.cfg.Environment            : HHH000406: Using bytecode reflection optimizer
2023-12-20T18:38:46.410+05:30  INFO 17060 --- [           main] o.s.o.j.p.SpringPersistenceUnitInfo      : No LoadTimeWeaver setup: ignoring JPA class transformer
2023-12-20T18:38:46.470+05:30  INFO 17060 --- [           main] com.zaxxer.hikari.HikariDataSource       : HikariPool-1 - Starting...
2023-12-20T18:38:47.161+05:30  INFO 17060 --- [           main] com.zaxxer.hikari.pool.HikariPool        : HikariPool-1 - Added connection com.mysql.cj.jdbc.ConnectionImpl@6ef037e4
2023-12-20T18:38:47.166+05:30  INFO 17060 --- [           main] com.zaxxer.hikari.HikariDataSource       : HikariPool-1 - Start completed.
2023-12-20T18:38:48.947+05:30  INFO 17060 --- [           main] o.h.e.t.j.p.i.JtaPlatformInitiator       : HHH000489: No JTA platform available (set 'hibernate.transaction.jta.platform' to enable JTA platform integration)
2023-12-20T18:38:49.015+05:30  INFO 17060 --- [           main] j.LocalContainerEntityManagerFactoryBean : Initialized JPA EntityManagerFactory for persistence unit 'default'
2023-12-20T18:38:49.917+05:30  WARN 17060 --- [           main] JpaBaseConfiguration$JpaWebConfiguration : spring.jpa.open-in-view is enabled by default. Therefore, database queries may be performed during view rendering. Explicitly configure spring.jpa.open-in-view to disable this warning
2023-12-20T18:38:50.505+05:30  INFO 17060 --- [           main] c.p.apis.MyprojectApplicationTests       : Started MyprojectApplicationTests in 7.457 seconds (process running for 9.785)
]]></system-out>
    <system-err><![CDATA[WARNING: A Java agent has been loaded dynamically (C:\Users\Hridayesh\.m2\repository\net\bytebuddy\byte-buddy-agent\1.14.9\byte-buddy-agent-1.14.9.jar)
WARNING: If a serviceability tool is in use, please run with -XX:+EnableDynamicAgentLoading to hide this warning
WARNING: If a serviceability tool is not in use, please run with -Djdk.instrument.traceUsage for more information
WARNING: Dynamic loading of agents will be disallowed by default in a future release
]]></system-err>
  </testcase>
</testsuite>